=======================[04/02/2022]=============
HoAER
Встречайте новый Lst!
Ps написал совсем простенький создатель списка файлов

Чем отличается от GSC-ого? Нет проблем с форматом, не придется каждый раз доставлять формат в конце.
На данный момент, это стабильная версия.

Обновил файл:
1)Убрал сохранение в один файл(Pixacker), алгоритм создавался для 
поиска значений во всех виапонах и абилках. 
2)Создание списков отрендеринных изображений для умной 
запковки CriSpis - теперь можно не использовать Python скрипт и среду, достаточно одного приложения. НО, это характерно только для фреймов полученных из 3d Max7 или Blender, в остальных случаях используйте этот скрипт на питон или Total Commander:

# CriSpis Python:
f = open('1.lst','w');
for i in range(1,101): 
    for k in range(1,17):
	f.writelines('W'+str(k)+'0'+'0'+str(i).zfill(2)+'.tga \n')

Пояснение:
'1.lst' - имя лст
range(1,101)  это количество кадров, тобиж анимация с каждой камеры
range(1,17) - количество камер(16), для c2(1,10)
'W' это задается имя анимации, в данном случае W - wait, можно поле оставить пустым

Инструкция по CriSpis C#(LstFile++):
				From:		Up to:
Numberts of frames animations   1		235
(Количество кадров анимации)

Number of cameras:		1		16
(Количество камер)

Animation frame name:		W
(Имя анимации, полезно если анимаций несколько, два вида ожидания могут находится в одном файле .gp2-g17)

X - очистить поля.


Create - выбрать место и имя, для сохранения

LstFile++
Open - выбрать фреймы для записи в lst, выбирать можно как угодно, хоть Ctrl+A. Формат по умолчанию .bmp, .wrl, .tga

Save - выбрать место и имя, для сохранения

Clear list - очистить список
About the program - краткая информация о программе
Author - об авторе
Creaspis - алгоритм для умпной запаковки фреймов из 3D Max7 и Blender

Exit - выход



=======================[07/01/2024]=============
Перенес проект на .Net Framework(т.к по ошибке и не знанию создал на Core)
Net FrameWork v4.7.2
Интерфейс занимает теперь меньше места

Код 2021 года
Проект доступен по адресу:
https://github.com/Sadochok-BISEC/HoAE_ModdingTools/tree/main/LstFile

Связаться со мной можно:
isadacokii@gmail.com
ilya.borisov.bisec@gmail.com
Только пишите тег [HOAE], почта завалена письмами

Discord: Sadochok#3881

Присоединяйтесь к нам!
Discord HoAE Community: https://discord.gg/6Xg9NuNsDA
Vk HoAE Community:	https://vk.com/hoaereborn